........................................................................ [  8%]
........................................................................ [ 16%]
........................................................................ [ 24%]
........................................................................ [ 33%]
........................................................................ [ 41%]
.......ss............................................................... [ 49%]
........................................................................ [ 57%]
........................................................................ [ 66%]
........................................................................ [ 74%]
........................................................................ [ 82%]
........................................................................ [ 90%]
........................................................................ [ 99%]
.......                                                                  [100%]
================================ tests coverage ================================
______________ coverage: platform darwin, python 3.12.13-final-0 _______________

Name    Stmts   Miss Branch BrPart  Cover   Missing
---------------------------------------------------
TOTAL    4607      0   1462      0   100%

54 files skipped due to complete coverage.
Required test coverage of 100.0% reached. Total coverage: 100.00%
869 passed, 2 skipped in 38.18s
