============================= test session starts ==============================
platform darwin -- Python 3.12.13, pytest-8.4.2, pluggy-1.6.0
rootdir: /Users/dingjunqing/Desktop/Lirix
configfile: pyproject.toml
plugins: cov-6.3.0, asyncio-0.26.0
asyncio: mode=Mode.AUTO, asyncio_default_fixture_loop_scope=None, asyncio_default_test_loop_scope=function
collected 1023 items

tests/test_cli_ignition_coverage.py .......                              [  0%]
tests/test_cli_ignition_parse_env_lines_drops_invalid_dedupes.py ...     [  0%]
tests/test_core/test_agent_feedback_dataclass_deprecation_guard.py ..    [  1%]
tests/test_core/test_agent_feedback_reason_taxonomy_closure.py ......    [  1%]
tests/test_core/test_agent_feedback_schema_version_contract.py .         [  1%]
tests/test_core/test_audit_logger.py ......                              [  2%]
tests/test_core/test_builder.py ...                                      [  2%]
tests/test_core/test_builder_builder_normalize_draft_path.py ....        [  3%]
tests/test_core/test_canonical_semantics.py ............                 [  4%]
tests/test_core/test_chain_adapter_profiles.py .....                     [  4%]
tests/test_core/test_cli_public_contract.py ......                       [  5%]
tests/test_core/test_client_core_exports_contract.py ..                  [  5%]
tests/test_core/test_compat.py ..                                        [  5%]
tests/test_core/test_config.py ...................................       [  9%]
tests/test_core/test_config_authority_precedence.py ...........          [ 10%]
tests/test_core/test_config_governance_overlap_guards.py ........        [ 11%]
tests/test_core/test_constants.py ......                                 [ 11%]
tests/test_core/test_constants_build_agent_resolution_minimal_branch_hook_constants.py . [ 11%]
                                                                         [ 11%]
tests/test_core/test_coverage_closure_v16.py .........                   [ 12%]
tests/test_core/test_coverage_fail_under_100_closure.py ................ [ 14%]
........................                                                 [ 16%]
tests/test_core/test_coverage_tail_closure.py .......................... [ 19%]
................................................................         [ 25%]
tests/test_core/test_decoder_registry_full_coverage.py ...............   [ 26%]
tests/test_core/test_dependency_direction_contract.py ..........         [ 27%]
tests/test_core/test_entrypoint_symbol_binding_contract.py ...           [ 28%]
tests/test_core/test_entrypoints.py ....                                 [ 28%]
tests/test_core/test_evidence_models.py .                                [ 28%]
tests/test_core/test_evidence_schema_v2_snapshot_contract.py ...         [ 28%]
tests/test_core/test_exception_type_lattice.py ......................... [ 31%]
....                                                                     [ 31%]
tests/test_core/test_exceptions.py ..                                    [ 31%]
tests/test_core/test_exceptions_exception_adapter_defaults_subclasses.py . [ 31%]
.                                                                        [ 32%]
tests/test_core/test_exceptions_legacy_context_is_normalized_when_not_dict.py . [ 32%]
.                                                                        [ 32%]
tests/test_core/test_exceptions_legacy_exception_adapter_context_hook_point.py . [ 32%]
.                                                                        [ 32%]
tests/test_core/test_governance_coverage_closure_adapter.py .......      [ 33%]
tests/test_core/test_governance_coverage_closure_config.py ..            [ 33%]
tests/test_core/test_governance_coverage_closure_evidence.py .           [ 33%]
tests/test_core/test_governance_coverage_closure_session.py ......       [ 34%]
tests/test_core/test_governance_provenance_matrix.py ...                 [ 34%]
tests/test_core/test_hook_contract_shadow_mode.py .                      [ 34%]
tests/test_core/test_hook_governance_async_contract_mode_parity.py ..... [ 34%]
                                                                         [ 34%]
tests/test_core/test_hook_manager.py ................................... [ 38%]
.....                                                                    [ 38%]
tests/test_core/test_hook_plugin_sandbox.py .                            [ 38%]
tests/test_core/test_hook_trace_context_isolation.py ..                  [ 39%]
tests/test_core/test_migration_modes.py ..                               [ 39%]
tests/test_core/test_multicall.py .................                      [ 40%]
tests/test_core/test_pipeline_performance_gates.py ....ss                [ 41%]
tests/test_core/test_plan_alignment_hardening_coverage.py .............  [ 42%]
tests/test_core/test_public_exports_contract.py .....                    [ 43%]
tests/test_core/test_readme_envelope_contract.py ...........             [ 44%]
tests/test_core/test_registry_authority_contract.py ....                 [ 44%]
tests/test_core/test_replay_registry_closure_binding.py ..               [ 44%]
tests/test_core/test_replay_registry_closure_parity_all_entrypoints.py . [ 45%]
...                                                                      [ 45%]
tests/test_core/test_session.py ....................................     [ 48%]
tests/test_core/test_session_agent_timeline_order_happy_path.py ..       [ 49%]
tests/test_core/test_session_replay_verifier_malformed_shapes.py ....... [ 49%]
.....                                                                    [ 50%]
tests/test_core/test_simulate_only_prior_validate_config.py .....        [ 50%]
tests/test_core/test_status_aggregation.py ..                            [ 50%]
tests/test_core/test_sync_async_contract_consistency.py ................ [ 52%]
............                                                             [ 53%]
tests/test_final_coverage_push_batch.py ........                         [ 54%]
tests/test_integration/test_full_flow.py .........                       [ 55%]
tests/test_integration/test_real_e2e_paths.py s.s                        [ 55%]
tests/test_integrations/test_integration_payload_parse_feedback.py ....  [ 56%]
tests/test_integrations/test_langchain_autogen_guardian_serialize_bounds.py . [ 56%]
...                                                                      [ 56%]
tests/test_integrations/test_langchain_tool_ainvoke_guardian_run_delegate.py . [ 56%]
                                                                         [ 56%]
tests/test_integrations/test_langchain_tool_coerce_policy_accepts_mapping_pydantic_model.py . [ 56%]
......                                                                   [ 57%]
tests/test_integrations/test_langchain_tool_coerce_policy_model_dump_branch.py . [ 57%]
                                                                         [ 57%]
tests/test_integrations/test_langchain_tool_coerce_policy_rejects_invalid_type.py . [ 57%]
                                                                         [ 57%]
tests/test_integrations/test_langchain_tool_format_security_exception_includes_policy_details.py . [ 57%]
.                                                                        [ 57%]
tests/test_integrations/test_langchain_tool_format_security_exception_policy_block_message.py . [ 57%]
.                                                                        [ 57%]
tests/test_integrations/test_langchain_tool_format_security_exception_policy_context.py . [ 57%]
..                                                                       [ 58%]
tests/test_integrations/test_langchain_tool_invoke_guardian_plain_string_result_policy_merge.py . [ 58%]
.                                                                        [ 58%]
tests/test_integrations/test_langchain_tool_invoke_guardian_uses_default_intent_stringifies_plain_result.py . [ 58%]
                                                                         [ 58%]
tests/test_integrations/test_langchain_tool_optional_deps_fail_closed.py . [ 58%]
                                                                         [ 58%]
tests/test_integrations/test_langchain_tool_run_arun_delegate_to_guardian_paths.py . [ 58%]
                                                                         [ 58%]
tests/test_integrations/test_legacy_integration_migration_progress_gate.py . [ 58%]
                                                                         [ 58%]
tests/test_intelligence_coverage_batch.py ..........                     [ 59%]
tests/test_intents/test_translator.py ...                                [ 59%]
tests/test_layers/test_defi_parser_validate_rejects_non_hex_short_payload.py . [ 60%]
.                                                                        [ 60%]
tests/test_layers/test_l1_intent.py ..................                   [ 61%]
tests/test_layers/test_l2_schema.py ...............                      [ 63%]
tests/test_layers/test_l3_defi_parser.py ............................... [ 66%]
...........................                                              [ 69%]
tests/test_layers/test_l3_defi_parser_collect_v3_path_rejects_too_short_path.py . [ 69%]
.                                                                        [ 69%]
tests/test_layers/test_l3_defi_parser_decoder_plugin_path.py ...         [ 69%]
tests/test_layers/test_l3_defi_parser_direct_validation_non_string_empty_payload.py . [ 69%]
.                                                                        [ 69%]
tests/test_layers/test_l3_defi_parser_enforce_addresses_noop_when_no_policy_limits.py . [ 69%]
.                                                                        [ 69%]
tests/test_layers/test_l3_defi_parser_multicall_depth_decode_errors.py . [ 69%]
..                                                                       [ 70%]
tests/test_layers/test_l3_defi_parser_multicall_nesting_limit_selector_blocks.py . [ 70%]
                                                                         [ 70%]
tests/test_layers/test_l3_defi_parser_v3_swap_path_validates_hops_amounts.py . [ 70%]
..                                                                       [ 70%]
tests/test_layers/test_l3_defi_parser_validate_rejects_non_string_data_to.py . [ 70%]
..                                                                       [ 70%]
tests/test_layers/test_l3_defi_parser_validate_rejects_short_v3_payload_route_poison.py . [ 70%]
...                                                                      [ 71%]
tests/test_layers/test_l4_rpc_evidence_modes.py ..                       [ 71%]
tests/test_layers/test_l4_rpc_manager.py .........................       [ 73%]
tests/test_layers/test_l4_rpc_manager_async_quorum_provider_normalize_serialize_tuple_nested_hex.py . [ 73%]
.                                                                        [ 74%]
tests/test_layers/test_l4_rpc_manager_disagreement_report.py ........... [ 75%]
..                                                                       [ 75%]
tests/test_layers/test_l4_rpc_manager_hash_result_is_deterministic_for_nested_structures.py . [ 75%]
                                                                         [ 75%]
tests/test_layers/test_l4_rpc_manager_is_quota_exhausted_normalize_tuple.py . [ 75%]
                                                                         [ 75%]
tests/test_layers/test_l4_rpc_manager_normalize_value_hash_result_paths.py . [ 75%]
                                                                         [ 75%]
tests/test_layers/test_l4_rpc_manager_normalize_value_invalid_hex_returns_lowercased_string.py . [ 75%]
.                                                                        [ 75%]
tests/test_layers/test_l4_rpc_manager_quorum_eth_call_rejects_empty_rpc_urls_with_consensus_failure.py . [ 75%]
                                                                         [ 75%]
tests/test_layers/test_l4_rpc_manager_quorum_eth_call_rejects_negative_target_block.py . [ 76%]
.                                                                        [ 76%]
tests/test_layers/test_l4_rpc_manager_quorum_provider_quorum_failed_context_snapshot_fields.py . [ 76%]
                                                                         [ 76%]
tests/test_layers/test_l4_rpc_manager_quorum_provider_retry_call_success_timeout.py . [ 76%]
                                                                         [ 76%]
tests/test_layers/test_l4_rpc_manager_quorum_provider_snapshot_best_url_property.py . [ 76%]
.                                                                        [ 76%]
tests/test_layers/test_l4_rpc_manager_quorum_provider_state.py ..        [ 76%]
tests/test_layers/test_l4_rpc_manager_retry_call_non_retryable_quorum_failed_context.py . [ 76%]
                                                                         [ 76%]
tests/test_layers/test_l4_rpc_manager_retry_call_timeout_after_elapsed_budget.py . [ 76%]
                                                                         [ 76%]
tests/test_layers/test_l4_rpc_manager_retry_call_zero_retry_budget_hits_unreachable_state.py . [ 77%]
.                                                                        [ 77%]
tests/test_layers/test_l4_rpc_manager_rpc_manager_classifies_errors_failure_context.py . [ 77%]
.                                                                        [ 77%]
tests/test_layers/test_l4_rpc_manager_rpc_manager_classify_other_snapshot_cooldown_success.py . [ 77%]
...                                                                      [ 77%]
tests/test_layers/test_l4_rpc_manager_rpc_manager_failure_context_classification.py . [ 77%]
..                                                                       [ 78%]
tests/test_layers/test_l4_rpc_manager_snapshot_has_consistent_shape.py . [ 78%]
                                                                         [ 78%]
tests/test_layers/test_l4_rpc_manager_snapshot_keys_best_url_property_are_consistent.py . [ 78%]
                                                                         [ 78%]
tests/test_layers/test_l5_sandbox.py ..............................      [ 81%]
tests/test_layers/test_l5_sandbox_simulation_engine_decode_revert_variants.py . [ 81%]
.                                                                        [ 81%]
tests/test_layers/test_l5_sandbox_state_delta_validator_exact_upper_lower_bounds.py . [ 81%]
.                                                                        [ 81%]
tests/test_layers/test_proxy_piercer.py ....                             [ 81%]
tests/test_layers/test_proxy_piercer_abi_cache_db_stale_set_update_close_idempotent.py . [ 82%]
........                                                                 [ 82%]
tests/test_layers/test_proxy_piercer_abi_cache_get_purges_stale_memory_entry.py . [ 82%]
....                                                                     [ 83%]
tests/test_layers/test_proxy_piercer_copy_inspection_result_semantics.py . [ 83%]
......                                                                   [ 83%]
tests/test_layers/test_proxy_piercer_decode_abi_address_rejects_zero_bad_codec_output.py . [ 84%]
                                                                         [ 84%]
tests/test_layers/test_proxy_piercer_proxy_piercer_copy_inspection_result_leaves_lists_untouched.py . [ 84%]
                                                                         [ 84%]
tests/test_layers/test_proxy_piercer_proxy_piercer_copy_result_inspection_cache_path.py . [ 84%]
                                                                         [ 84%]
tests/test_layers/test_proxy_piercer_proxy_piercer_diamond_resolution_copy_semantics.py . [ 84%]
                                                                         [ 84%]
tests/test_layers/test_proxy_piercer_proxy_piercer_direct_eip1967_paths.py . [ 84%]
..                                                                       [ 84%]
tests/test_layers/test_proxy_piercer_proxy_piercer_prefers_cache_copy_fetch_abi_cache.py . [ 84%]
.                                                                        [ 84%]
tests/test_layers/test_proxy_piercer_proxy_piercer_read_slot_cache_close_paths.py . [ 84%]
                                                                         [ 84%]
tests/test_layers/test_proxy_piercer_proxy_piercer_snapshot_cache_pruning.py . [ 85%]
                                                                         [ 85%]
tests/test_layers/test_proxy_piercer_resolve_diamond_beacon_none_decode_failures.py . [ 85%]
                                                                         [ 85%]
tests/test_layers/test_proxy_piercer_snapshot_copy_result_stable.py .    [ 85%]
tests/test_layers/test_proxy_piercer_snapshot_keys_include_cache_controls.py . [ 85%]
                                                                         [ 85%]
tests/test_layers/test_proxy_piercer_snapshot_reports_cache_shape_result_copying.py . [ 85%]
                                                                         [ 85%]
tests/test_layers/test_proxy_piercer_strict_abi_decode_requires_eth_abi.py . [ 85%]
                                                                         [ 85%]
tests/test_layers/test_rpc_manager_classify_health_context.py ...        [ 85%]
tests/test_layers/test_sandbox_simulator.py ...                          [ 86%]
tests/test_layers/test_sandbox_simulator_decode_revert_custom_error_fallback_none.py . [ 86%]
                                                                         [ 86%]
tests/test_layers/test_sandbox_simulator_decode_revert_error_panic_decoding_paths.py . [ 86%]
                                                                         [ 86%]
tests/test_layers/test_sandbox_simulator_decode_revert_error_panic_messages.py . [ 86%]
.                                                                        [ 86%]
tests/test_layers/test_sandbox_simulator_decode_revert_error_panic_paths.py . [ 86%]
...                                                                      [ 86%]
tests/test_layers/test_sandbox_simulator_decode_revert_panic_custom_error_strings.py . [ 86%]
                                                                         [ 86%]
tests/test_layers/test_sandbox_simulator_decode_revert_short_payload_none_result.py . [ 87%]
                                                                         [ 87%]
tests/test_layers/test_sandbox_simulator_decode_value_error_hex_to_bytes_paths.py . [ 87%]
.                                                                        [ 87%]
tests/test_layers/test_sandbox_simulator_decode_value_error_no_args_error_string.py . [ 87%]
                                                                         [ 87%]
tests/test_layers/test_sandbox_simulator_decode_value_error_no_args_string_passthrough.py . [ 87%]
                                                                         [ 87%]
tests/test_layers/test_sandbox_simulator_hex_to_bytes_custom_error_bad_hex.py . [ 87%]
                                                                         [ 87%]
tests/test_layers/test_sandbox_simulator_hex_to_bytes_whitespace_invalid_prefix.py . [ 87%]
                                                                         [ 87%]
tests/test_layers/test_sandbox_simulator_normalize_payload_data_message_uses_first_string_field.py . [ 87%]
                                                                         [ 87%]
tests/test_layers/test_sandbox_simulator_normalize_payload_message_data_precedence.py . [ 87%]
                                                                         [ 87%]
tests/test_layers/test_sandbox_simulator_normalize_payload_message_dict_non_string_ignored.py . [ 87%]
                                                                         [ 87%]
tests/test_layers/test_sandbox_simulator_normalize_payload_prefers_data_over_message_non_dict.py . [ 88%]
                                                                         [ 88%]
tests/test_layers/test_sandbox_simulator_normalize_payload_variants_custom_error_fallback.py . [ 88%]
                                                                         [ 88%]
tests/test_layers/test_sandbox_simulator_normalize_value_dict_tuple_values.py . [ 88%]
                                                                         [ 88%]
tests/test_layers/test_sandbox_simulator_state_delta_validator_reads_nested_metrics_missing_return.py . [ 88%]
..                                                                       [ 88%]
tests/test_layers/test_shadow_auditor.py ..                              [ 88%]
tests/test_layers/test_shadow_auditor_any_target_policy_allows_valid_payload.py . [ 88%]
                                                                         [ 88%]
tests/test_layers/test_shadow_auditor_forbidden_method_policy_enforcement.py . [ 88%]
.                                                                        [ 89%]
tests/test_layers/test_shadow_auditor_policy_blocks_disallowed_target_and_method.py . [ 89%]
                                                                         [ 89%]
tests/test_layers/test_shadow_auditor_policy_bundle.py ..........        [ 90%]
tests/test_layers/test_shadow_auditor_policy_normalization_and_defaults.py . [ 90%]
..                                                                       [ 90%]
tests/test_layers/test_shadow_auditor_policy_resolution_and_metric_fallbacks.py . [ 90%]
..                                                                       [ 90%]
tests/test_layers/test_shadow_auditor_schema_address_validation_and_metric_none.py . [ 90%]
.                                                                        [ 90%]
tests/test_layers/test_shadow_auditor_schema_forbidden_methods_validation.py . [ 91%]
.                                                                        [ 91%]
tests/test_layers/test_shadow_auditor_schema_normalization_and_metric_read.py . [ 91%]
                                                                         [ 91%]
tests/test_layers/test_shadow_auditor_shadow_auditor_nested_metrics_policy_resolution.py . [ 91%]
.                                                                        [ 91%]
tests/test_layers/test_shadow_auditor_shadow_policy_schema_rejects_boolean_malformed_methods.py . [ 91%]
..                                                                       [ 91%]
tests/test_layers/test_shield_simulator_coverage_state_delta_validator_defaults_return_data_when_metrics.py . [ 91%]
........                                                                 [ 92%]
tests/test_quorum_bft.py .........                                       [ 93%]
tests/test_registry/test_bridges.py ..                                   [ 93%]
tests/test_tools/test_audit_internal_link_gate.py .                      [ 93%]
tests/test_tools/test_branch_protection_drift_gate.py .                  [ 93%]
tests/test_tools/test_ci_lane_responsibility_gate.py .                   [ 93%]
tests/test_tools/test_compat_switch_expiry_gate.py ...                   [ 94%]
tests/test_tools/test_contract_manifest_gate.py ...............          [ 95%]
tests/test_tools/test_doc_preamble_hygiene_gate.py .....                 [ 96%]
tests/test_tools/test_failure_surface_triage_gate.py .                   [ 96%]
tests/test_tools/test_final_regression_template_paths.py .               [ 96%]
tests/test_tools/test_legacy_sunset_gate.py .                            [ 96%]
tests/test_tools/test_migration_observability_report.py ..               [ 96%]
tests/test_tools/test_migration_observability_scan_policy_contract.py .  [ 96%]
tests/test_tools/test_no_internal_imports_gate.py ..                     [ 96%]
tests/test_tools/test_phase_exit_checklists_gate.py .                    [ 97%]
tests/test_tools/test_plan_to_pr_exit_metrics_gate.py .                  [ 97%]
tests/test_tools/test_preflight_remediation_status_gate.py ..            [ 97%]
tests/test_tools/test_registry_authority_contract_gate.py .              [ 97%]
tests/test_tools/test_release_acceptance_report.py .........             [ 98%]
tests/test_tools/test_required_check_policy_gate.py .....                [ 98%]
tests/test_tools/test_root_import_surface_gate.py .                      [ 98%]
tests/test_tools/test_test_monkeypatch_convention_gate.py .              [ 99%]
tests/test_tools/test_test_topology_admission_gate.py ..                 [ 99%]
tests/test_v1_1_2_hardened_final.py ..                                   [ 99%]
tests/test_v1_2_0_state_delta.py ...                                     [ 99%]
tests/test_v1_3_0_cross_chain.py ..                                      [ 99%]
tests/test_vivisection_e2e.py .                                          [100%]

================================ tests coverage ================================
______________ coverage: platform darwin, python 3.12.13-final-0 _______________

Name    Stmts   Miss Branch BrPart  Cover   Missing
---------------------------------------------------
TOTAL    4794      0   1492      0   100%

59 files skipped due to complete coverage.
Coverage XML written to file coverage.xml
Required test coverage of 100.0% reached. Total coverage: 100.00%
======================= 1019 passed, 4 skipped in 43.48s =======================
